3: void -> VOID
3: main -> ID
3: ( -> LPAREN
3: void -> VOID
3: ) -> RPAREN
3: { -> LBRACE
4: if -> IF
4: ( -> LPAREN
4: 0 -> NUM
4: < -> LT
4: 1 -> NUM
4: ) -> RPAREN
4: { -> LBRACE
5: write -> WRITE
5: ( -> LPAREN
5: "OK! 1\n" -> STRING
5: ) -> RPAREN
5: ; -> SEMI
6: } -> RBRACE
6: else -> ELSE
6: { -> LBRACE
7: write -> WRITE
7: ( -> LPAREN
7: "Huh? 1\n" -> STRING
7: ) -> RPAREN
7: ; -> SEMI
8: } -> RBRACE
10: if -> IF
10: ( -> LPAREN
10: 0 -> NUM
10: > -> GT
10: 1 -> NUM
10: ) -> RPAREN
10: { -> LBRACE
11: write -> WRITE
11: ( -> LPAREN
11: "OK! 2\n" -> STRING
11: ) -> RPAREN
11: ; -> SEMI
12: } -> RBRACE
12: else -> ELSE
12: { -> LBRACE
13: write -> WRITE
13: ( -> LPAREN
13: "Huh? 2\n" -> STRING
13: ) -> RPAREN
13: ; -> SEMI
14: } -> RBRACE
15: } -> RBRACE
