3: void -> VOID
3: main -> ID
3: ( -> LPAREN
3: void -> VOID
3: ) -> RPAREN
3: { -> LBRACE
4: int -> INT
4: x -> ID
4: ; -> SEMI
6: x -> ID
6: = -> ASSIGN
6: 5 -> NUM
6: ; -> SEMI
7: while -> WHILE
7: ( -> LPAREN
7: x -> ID
7: > -> GT
7: 0 -> NUM
7: ) -> RPAREN
7: { -> LBRACE
8: output -> OUTPUT
8: ( -> LPAREN
8: x -> ID
8: ) -> RPAREN
8: ; -> SEMI
9: write -> WRITE
9: ( -> LPAREN
9: "\n" -> STRING
9: ) -> RPAREN
9: ; -> SEMI
10: x -> ID
10: = -> ASSIGN
10: x -> ID
10: - -> MINUS
10: 1 -> NUM
10: ; -> SEMI
11: } -> RBRACE
12: } -> RBRACE
