3: int -> INT
3: sum -> ID
3: ( -> LPAREN
3: int -> INT
3: x -> ID
3: , -> COMMA
3: int -> INT
3: y -> ID
3: ) -> RPAREN
3: { -> LBRACE
4: int -> INT
4: z -> ID
4: ; -> SEMI
5: z -> ID
5: = -> ASSIGN
5: x -> ID
5: + -> PLUS
5: y -> ID
5: ; -> SEMI
6: return -> RETURN
6: z -> ID
6: ; -> SEMI
7: } -> RBRACE
9: void -> VOID
9: main -> ID
9: ( -> LPAREN
9: void -> VOID
9: ) -> RPAREN
9: { -> LBRACE
10: output -> OUTPUT
10: ( -> LPAREN
10: sum -> ID
10: ( -> LPAREN
10: 3 -> NUM
10: , -> COMMA
10: 2 -> NUM
10: ) -> RPAREN
10: ) -> RPAREN
10: ; -> SEMI
11: } -> RBRACE
