3: int -> INT
3: sum -> ID
3: ( -> LPAREN
3: int -> INT
3: x -> ID
3: , -> COMMA
3: int -> INT
3: y -> ID
3: ) -> RPAREN
3: { -> LBRACE
4: return -> RETURN
4: x -> ID
4: + -> PLUS
4: y -> ID
4: ; -> SEMI
5: } -> RBRACE
7: void -> VOID
7: main -> ID
7: ( -> LPAREN
7: void -> VOID
7: ) -> RPAREN
7: { -> LBRACE
8: int -> INT
8: s -> ID
8: ; -> SEMI
9: s -> ID
9: = -> ASSIGN
9: sum -> ID
9: ( -> LPAREN
9: 2 -> NUM
9: ) -> RPAREN
9: ; -> SEMI
10: output -> OUTPUT
10: ( -> LPAREN
10: s -> ID
10: ) -> RPAREN
10: ; -> SEMI
11: } -> RBRACE
